Using pre-set license
Built from '2023.1/staging' branch; Version is '2023.1.0f1 (a008fa768e6c) revision 10488058'; Using compiler version '192829333'; Build Type 'Release'
OS: 'Windows 10  (10.0.19045) 64bit Professional' Language: 'en' Physical Memory: 30942 MB
BatchMode: 1, IsHumanControllingUs: 0, StartBugReporterOnCrash: 0, Is64bit: 1, IsPro: 1

COMMAND LINE ARGUMENTS:
C:\Program Files\Unity\Hub\Editor\2023.1.0f1\Editor\Unity.exe
-adb2
-batchMode
-noUpm
-name
AssetImportWorker0
-projectPath
C:/Users/Administrator/Desktop/UnityProjectGrace/GraceProject
-logFile
Logs/AssetImportWorker0.log
-srvPort
63192
Successfully changed project path to: C:/Users/Administrator/Desktop/UnityProjectGrace/GraceProject
C:/Users/Administrator/Desktop/UnityProjectGrace/GraceProject
[UnityMemory] Configuration Parameters - Can be set up in boot.config
    "memorysetup-bucket-allocator-granularity=16"
    "memorysetup-bucket-allocator-bucket-count=8"
    "memorysetup-bucket-allocator-block-size=33554432"
    "memorysetup-bucket-allocator-block-count=8"
    "memorysetup-main-allocator-block-size=16777216"
    "memorysetup-thread-allocator-block-size=16777216"
    "memorysetup-gfx-main-allocator-block-size=16777216"
    "memorysetup-gfx-thread-allocator-block-size=16777216"
    "memorysetup-cache-allocator-block-size=4194304"
    "memorysetup-typetree-allocator-block-size=2097152"
    "memorysetup-profiler-bucket-allocator-granularity=16"
    "memorysetup-profiler-bucket-allocator-bucket-count=8"
    "memorysetup-profiler-bucket-allocator-block-size=33554432"
    "memorysetup-profiler-bucket-allocator-block-count=8"
    "memorysetup-profiler-allocator-block-size=16777216"
    "memorysetup-profiler-editor-allocator-block-size=1048576"
    "memorysetup-temp-allocator-size-main=16777216"
    "memorysetup-job-temp-allocator-block-size=2097152"
    "memorysetup-job-temp-allocator-block-size-background=1048576"
    "memorysetup-job-temp-allocator-reduction-small-platforms=262144"
    "memorysetup-allocator-temp-initial-block-size-main=262144"
    "memorysetup-allocator-temp-initial-block-size-worker=262144"
    "memorysetup-temp-allocator-size-background-worker=32768"
    "memorysetup-temp-allocator-size-job-worker=262144"
    "memorysetup-temp-allocator-size-preload-manager=33554432"
    "memorysetup-temp-allocator-size-nav-mesh-worker=65536"
    "memorysetup-temp-allocator-size-audio-worker=65536"
    "memorysetup-temp-allocator-size-cloud-worker=32768"
    "memorysetup-temp-allocator-size-gi-baking-worker=262144"
    "memorysetup-temp-allocator-size-gfx=262144"
Player connection [11936] Host "[IP] 172.17.96.1 [Port] 0 [Flags] 2 [Guid] 3224097706 [EditorId] 3224097706 [Version] 1048832 [Id] WindowsEditor(7,DESKTOP-I16IA9O) [Debug] 1 [PackageName] WindowsEditor [ProjectName] Editor" joined multi-casting on [225.0.0.222:54997]...

Player connection [11936] Host "[IP] 172.17.96.1 [Port] 0 [Flags] 2 [Guid] 3224097706 [EditorId] 3224097706 [Version] 1048832 [Id] WindowsEditor(7,DESKTOP-I16IA9O) [Debug] 1 [PackageName] WindowsEditor [ProjectName] Editor" joined alternative multi-casting on [225.0.0.222:34997]...

Library Redirect Path: Library/Refreshing native plugins compatible for Editor in 8.41 ms, found 6 plugins.
Preloading 1 native plugins for Editor in 0.54 ms.
Initialize engine version: 2023.1.0f1 (a008fa768e6c)
[Subsystems] Discovering subsystems at path C:/Program Files/Unity/Hub/Editor/2023.1.0f1/Editor/Data/Resources/UnitySubsystems
[Subsystems] Discovering subsystems at path C:/Users/Administrator/Desktop/UnityProjectGrace/GraceProject/Assets
GfxDevice: creating device client; threaded=0; jobified=0
Direct3D:
    Version:  Direct3D 11.0 [level 11.1]
    Renderer: NVIDIA GeForce GTX 1080 Ti (ID=0x1b06)
    Vendor:   NVIDIA
    VRAM:     11120 MB
    Driver:   31.0.15.4584
Initialize mono
Mono path[0] = 'C:/Program Files/Unity/Hub/Editor/2023.1.0f1/Editor/Data/Managed'
Mono path[1] = 'C:/Program Files/Unity/Hub/Editor/2023.1.0f1/Editor/Data/MonoBleedingEdge/lib/mono/unityjit-win32'
Mono config path = 'C:/Program Files/Unity/Hub/Editor/2023.1.0f1/Editor/Data/MonoBleedingEdge/etc'
Using monoOptions --debugger-agent=transport=dt_socket,embedding=1,server=y,suspend=n,address=127.0.0.1:56532
Begin MonoManager ReloadAssembly
Registering precompiled unity dll's ...
Register platform support module: C:/Program Files/Unity/Hub/Editor/2023.1.0f1/Editor/Data/PlaybackEngines/WindowsStandaloneSupport/UnityEditor.WindowsStandalone.Extensions.dll
Registered in 0.002373 seconds.
- Loaded All Assemblies, in  0.362 seconds
Native extension for WindowsStandalone target not found
Mono: successfully reloaded assembly
- Finished resetting the current domain, in  0.260 seconds
Domain Reload Profiling: 621ms
	BeginReloadAssembly (127ms)
		ExecutionOrderSort (0ms)
		DisableScriptedObjects (0ms)
		BackupInstance (0ms)
		ReleaseScriptingObjects (0ms)
		CreateAndSetChildDomain (1ms)
	RebuildCommonClasses (33ms)
	RebuildNativeTypeToScriptingClass (11ms)
	initialDomainReloadingComplete (41ms)
	LoadAllAssembliesAndSetupDomain (148ms)
		LoadAssemblies (125ms)
		RebuildTransferFunctionScriptingTraits (0ms)
		AnalyzeDomain (144ms)
			TypeCache.Refresh (144ms)
				TypeCache.ScanAssembly (133ms)
			ScanForSourceGeneratedMonoScriptInfo (0ms)
			ResolveRequiredComponents (0ms)
	FinalizeReload (261ms)
		ReleaseScriptCaches (0ms)
		RebuildScriptCaches (0ms)
		SetupLoadedEditorAssemblies (222ms)
			LogAssemblyErrors (0ms)
			InitializePlatformSupportModulesInManaged (7ms)
			SetLoadedEditorAssemblies (4ms)
			BeforeProcessingInitializeOnLoad (5ms)
			ProcessInitializeOnLoadAttributes (148ms)
			ProcessInitializeOnLoadMethodAttributes (57ms)
			AfterProcessingInitializeOnLoad (0ms)
			EditorAssembliesLoaded (0ms)
		ExecutionOrderSort2 (0ms)
		AwakeInstancesAfterBackupRestoration (0ms)
========================================================================
Worker process is ready to serve import requests
Import Worker Mode flag is 0x00
Begin MonoManager ReloadAssembly
- Loaded All Assemblies, in  0.857 seconds
Refreshing native plugins compatible for Editor in 3.62 ms, found 6 plugins.
Native extension for WindowsStandalone target not found
Package Manager log level set to [2]
[Package Manager] Failed to launch server process. Reason: Unity was launched with the -noUpm command-line argument
[Package Manager] Unable to send message (not connected to server process).
[Package Manager] Cannot connect to Unity Package Manager local server
System.Reflection.TargetInvocationException: Exception has been thrown by the target of an invocation. ---> System.NullReferenceException: Object reference not set to an instance of an object
  at Unity.XR.Oculus.OculusLoader.AssetPathToAbsolutePath (System.String assetPath) [0x0003d] in .\Library\PackageCache\com.unity.xr.oculus@4.0.0\Runtime\OculusLoader.cs:282 
  at Unity.XR.Oculus.OculusLoader.EditorLoadOVRPlugin () [0x0007b] in .\Library\PackageCache\com.unity.xr.oculus@4.0.0\Runtime\OculusLoader.cs:267 
  at (wrapper managed-to-native) System.Reflection.RuntimeMethodInfo.InternalInvoke(System.Reflection.RuntimeMethodInfo,object,object[],System.Exception&)
  at System.Reflection.RuntimeMethodInfo.Invoke (System.Object obj, System.Reflection.BindingFlags invokeAttr, System.Reflection.Binder binder, System.Object[] parameters, System.Globalization.CultureInfo culture) [0x0006a] in <0de99929796b4095b47389e59e446fbd>:0 
   --- End of inner exception stack trace ---
  at System.Reflection.RuntimeMethodInfo.Invoke (System.Object obj, System.Reflection.BindingFlags invokeAttr, System.Reflection.Binder binder, System.Object[] parameters, System.Globalization.CultureInfo culture) [0x00083] in <0de99929796b4095b47389e59e446fbd>:0 
  at System.Reflection.MethodBase.Invoke (System.Object obj, System.Object[] parameters) [0x00000] in <0de99929796b4095b47389e59e446fbd>:0 
  at UnityEditor.EditorAssemblies.ProcessInitializeOnLoadMethodAttributes () [0x00056] in <c069d6dd98084e0ba1603c039014d6ba>:0 
UnityEngine.StackTraceUtility:ExtractStackTrace ()
UnityEngine.DebugLogHandler:Internal_Log (UnityEngine.LogType,UnityEngine.LogOption,string,UnityEngine.Object)
UnityEngine.DebugLogHandler:LogFormat (UnityEngine.LogType,UnityEngine.Object,string,object[])
UnityEngine.Logger:Log (UnityEngine.LogType,object)
UnityEngine.Debug:LogError (object)
UnityEditor.EditorAssemblies:ProcessInitializeOnLoadMethodAttributes ()

Mono: successfully reloaded assembly
[Package Manager] Failed to launch server process. Reason: Unity was launched with the -noUpm command-line argument
[Package Manager] Unable to send message (not connected to server process).
[Package Manager] Cannot connect to Unity Package Manager local server
[Package Manager] Failed to launch server process. Reason: Unity was launched with the -noUpm command-line argument
[Package Manager] Unable to send message (not connected to server process).
[Package Manager] Cannot connect to Unity Package Manager local server
- Finished resetting the current domain, in  0.743 seconds
Domain Reload Profiling: 1596ms
	BeginReloadAssembly (273ms)
		ExecutionOrderSort (0ms)
		DisableScriptedObjects (5ms)
		BackupInstance (0ms)
		ReleaseScriptingObjects (0ms)
		CreateAndSetChildDomain (25ms)
	RebuildCommonClasses (34ms)
	RebuildNativeTypeToScriptingClass (11ms)
	initialDomainReloadingComplete (32ms)
	LoadAllAssembliesAndSetupDomain (502ms)
		LoadAssemblies (292ms)
		RebuildTransferFunctionScriptingTraits (0ms)
		AnalyzeDomain (317ms)
			TypeCache.Refresh (285ms)
				TypeCache.ScanAssembly (272ms)
			ScanForSourceGeneratedMonoScriptInfo (21ms)
			ResolveRequiredComponents (11ms)
	FinalizeReload (743ms)
		ReleaseScriptCaches (0ms)
		RebuildScriptCaches (0ms)
		SetupLoadedEditorAssemblies (472ms)
			LogAssemblyErrors (0ms)
			InitializePlatformSupportModulesInManaged (4ms)
			SetLoadedEditorAssemblies (3ms)
			BeforeProcessingInitializeOnLoad (80ms)
			ProcessInitializeOnLoadAttributes (342ms)
			ProcessInitializeOnLoadMethodAttributes (40ms)
			AfterProcessingInitializeOnLoad (4ms)
			EditorAssembliesLoaded (0ms)
		ExecutionOrderSort2 (0ms)
		AwakeInstancesAfterBackupRestoration (5ms)
Launched and connected shader compiler UnityShaderCompiler.exe after 0.02 seconds
Refreshing native plugins compatible for Editor in 4.02 ms, found 6 plugins.
Preloading 1 native plugins for Editor in 0.06 ms.
Unloading 6096 Unused Serialized files (Serialized files now loaded: 0)
Unloading 87 unused Assets / (1.7 MB). Loaded Objects now: 6666.
Memory consumption went from 262.9 MB to 261.1 MB.
Total: 6.145300 ms (FindLiveObjects: 0.532700 ms CreateObjectMapping: 0.937800 ms MarkObjects: 4.180600 ms  DeleteObjects: 0.493300 ms)

AssetImportParameters requested are different than current active one (requested -> active):
  custom:video-decoder-webm-vp8: 9c59270c3fd7afecdb556c50c9e8de78 -> 
  custom:audio-encoder-webm-vorbis: bf7c407c2cedff20999df2af8eb42d56 -> 
  custom:AudioImporter_EditorPlatform: d09bf68614088b80899f8185d706f6e7 -> 
  custom:audio-decoder-ogg-vorbis: bf7c407c2cedff20999df2af8eb42d56 -> 
  custom:video-encoder-webm-vp8: eb34c28f22e8b96e1ab97ce403110664 -> 
  custom:container-demuxer-ogg: 62fdf1f143b41e24485cea50d1cbac27 -> 
  custom:framework-win-MediaFoundation: 216162199b28c13a410421893ffa2e32 -> 
  custom:video-decoder-ogg-theora: a1e56fd34408186e4bbccfd4996cb3dc -> 
  custom:container-muxer-webm: aa71ff27fc2769a1b78a27578f13a17b -> 
  custom:container-demuxer-webm: 4f35f7cbe854078d1ac9338744f61a02 -> 
========================================================================
Received Import Request.
  Time since last request: 101392.621238 seconds.
  path: Assets/New Terrain 1.asset
  artifactKey: Guid(7a703808381e33047acf6ff1706f6d3a) Importer(815301076,1909f56bfc062723c751e8b465ee728b)
Start importing Assets/New Terrain 1.asset using Guid(7a703808381e33047acf6ff1706f6d3a) Importer(815301076,1909f56bfc062723c751e8b465ee728b) The tree GraveType4_Damaged_2 must use the Nature/Soft Occlusion shader. Otherwise billboarding/lighting will not work correctly.
The tree WoodenCross_1 must use the Nature/Soft Occlusion shader. Otherwise billboarding/lighting will not work correctly.
The tree TombstoneType2_Plain_2 must use the Nature/Soft Occlusion shader. Otherwise billboarding/lighting will not work correctly.
The tree GraveType2_VeryDamaged_2 must use the Nature/Soft Occlusion shader. Otherwise billboarding/lighting will not work correctly.
The tree MegaGravestone_2 must use the Nature/Soft Occlusion shader. Otherwise billboarding/lighting will not work correctly.
The tree purpleTree must use the Nature/Soft Occlusion shader. Otherwise billboarding/lighting will not work correctly.
The tree grass must use the Nature/Soft Occlusion shader. Otherwise billboarding/lighting will not work correctly.
 -> (artifact id: '556b22da169c699c4e369fee4325ce84') in 0.047155 seconds
Number of updated asset objects reloaded before import = 0
Number of asset objects unloaded after import = 51
========================================================================
Received Import Request.
  Time since last request: 4559.683028 seconds.
  path: Assets/HighQualityBricks&Walls/Materials
  artifactKey: Guid(7a0bd03446fd5bd41bd435a643f11f8a) Importer(815301076,1909f56bfc062723c751e8b465ee728b)
Start importing Assets/HighQualityBricks&Walls/Materials using Guid(7a0bd03446fd5bd41bd435a643f11f8a) Importer(815301076,1909f56bfc062723c751e8b465ee728b)  -> (artifact id: '392846cc9d72b38bf744321b8a0964e1') in 0.000843 seconds
Number of updated asset objects reloaded before import = 0
Number of asset objects unloaded after import = 0
========================================================================
Received Import Request.
  Time since last request: 0.131965 seconds.
  path: Assets/HighQualityBricks&Walls/Materials/brick-807728.mat
  artifactKey: Guid(3e46b23eb6516a34e8abad106a45e8c4) Importer(815301076,1909f56bfc062723c751e8b465ee728b)
Start importing Assets/HighQualityBricks&Walls/Materials/brick-807728.mat using Guid(3e46b23eb6516a34e8abad106a45e8c4) Importer(815301076,1909f56bfc062723c751e8b465ee728b)  -> (artifact id: 'fe9c6551bece56e23b3da43f385950ec') in 0.001983 seconds
Number of updated asset objects reloaded before import = 0
Number of asset objects unloaded after import = 2
========================================================================
Received Import Request.
  Time since last request: 0.000010 seconds.
  path: Assets/HighQualityBricks&Walls/Materials/wall-846015.mat
  artifactKey: Guid(1e61acfa4b0498b4e86cede97f83468b) Importer(815301076,1909f56bfc062723c751e8b465ee728b)
Start importing Assets/HighQualityBricks&Walls/Materials/wall-846015.mat using Guid(1e61acfa4b0498b4e86cede97f83468b) Importer(815301076,1909f56bfc062723c751e8b465ee728b)  -> (artifact id: 'a384d0be229fbb843cad4ad49de7e633') in 0.001739 seconds
Number of updated asset objects reloaded before import = 0
Number of asset objects unloaded after import = 2
========================================================================
Received Import Request.
  Time since last request: 0.000011 seconds.
  path: Assets/HighQualityBricks&Walls/Materials/wood-731407.mat
  artifactKey: Guid(54f97bbe91406b0438be56a2f82a880e) Importer(815301076,1909f56bfc062723c751e8b465ee728b)
Start importing Assets/HighQualityBricks&Walls/Materials/wood-731407.mat using Guid(54f97bbe91406b0438be56a2f82a880e) Importer(815301076,1909f56bfc062723c751e8b465ee728b)  -> (artifact id: '0f7b57a77cad4a7e5d38748020fa8d4b') in 0.006473 seconds
Number of updated asset objects reloaded before import = 0
Number of asset objects unloaded after import = 2
========================================================================
Received Import Request.
  Time since last request: 0.000015 seconds.
  path: Assets/HighQualityBricks&Walls/Materials/wall-617961.mat
  artifactKey: Guid(6eefc055ee419ea49af280cd42314208) Importer(815301076,1909f56bfc062723c751e8b465ee728b)
Start importing Assets/HighQualityBricks&Walls/Materials/wall-617961.mat using Guid(6eefc055ee419ea49af280cd42314208) Importer(815301076,1909f56bfc062723c751e8b465ee728b)  -> (artifact id: 'f4668ffe2808a0c278041cfffa9e66a3') in 0.002236 seconds
Number of updated asset objects reloaded before import = 0
Number of asset objects unloaded after import = 2
========================================================================
Received Import Request.
  Time since last request: 0.000013 seconds.
  path: Assets/HighQualityBricks&Walls/Materials/texture-709723.mat
  artifactKey: Guid(984311b2037358d418cdd4d650f62c52) Importer(815301076,1909f56bfc062723c751e8b465ee728b)
Start importing Assets/HighQualityBricks&Walls/Materials/texture-709723.mat using Guid(984311b2037358d418cdd4d650f62c52) Importer(815301076,1909f56bfc062723c751e8b465ee728b)  -> (artifact id: 'b5d7130982d437b56aacdf4fc7b34982') in 0.002011 seconds
Number of updated asset objects reloaded before import = 0
Number of asset objects unloaded after import = 2
========================================================================
Received Import Request.
  Time since last request: 0.000017 seconds.
  path: Assets/HighQualityBricks&Walls/Materials/tile-846018.mat
  artifactKey: Guid(77826ad27882dcf4e8feded3f4ef9411) Importer(815301076,1909f56bfc062723c751e8b465ee728b)
Start importing Assets/HighQualityBricks&Walls/Materials/tile-846018.mat using Guid(77826ad27882dcf4e8feded3f4ef9411) Importer(815301076,1909f56bfc062723c751e8b465ee728b)  -> (artifact id: '2f677edbadd9b4f2837391f0e438ad9b') in 0.001858 seconds
Number of updated asset objects reloaded before import = 0
Number of asset objects unloaded after import = 2
========================================================================
Received Import Request.
  Time since last request: 0.000011 seconds.
  path: Assets/HighQualityBricks&Walls/Materials/shading-671263.mat
  artifactKey: Guid(51f6d5f3d3b2114498dd47d6f5b59053) Importer(815301076,1909f56bfc062723c751e8b465ee728b)
Start importing Assets/HighQualityBricks&Walls/Materials/shading-671263.mat using Guid(51f6d5f3d3b2114498dd47d6f5b59053) Importer(815301076,1909f56bfc062723c751e8b465ee728b)  -> (artifact id: '7b01d12254349ffebccaca987482be15') in 0.001846 seconds
Number of updated asset objects reloaded before import = 0
Number of asset objects unloaded after import = 2
========================================================================
Received Import Request.
  Time since last request: 0.000011 seconds.
  path: Assets/HighQualityBricks&Walls/Materials/patch-924648.mat
  artifactKey: Guid(ab401e780d35a3e45ab242a36dc42d51) Importer(815301076,1909f56bfc062723c751e8b465ee728b)
Start importing Assets/HighQualityBricks&Walls/Materials/patch-924648.mat using Guid(ab401e780d35a3e45ab242a36dc42d51) Importer(815301076,1909f56bfc062723c751e8b465ee728b)  -> (artifact id: 'e9d22c69fe5c1d45170dc93794085af2') in 0.001724 seconds
Number of updated asset objects reloaded before import = 0
Number of asset objects unloaded after import = 2
========================================================================
Received Import Request.
  Time since last request: 0.000012 seconds.
  path: Assets/HighQualityBricks&Walls/Materials/brick-957827.mat
  artifactKey: Guid(27348c2da388ee24aadf8472f82ad963) Importer(815301076,1909f56bfc062723c751e8b465ee728b)
Start importing Assets/HighQualityBricks&Walls/Materials/brick-957827.mat using Guid(27348c2da388ee24aadf8472f82ad963) Importer(815301076,1909f56bfc062723c751e8b465ee728b)  -> (artifact id: '9e2ab31796720e5d4474e71f2e71d7b4') in 0.001741 seconds
Number of updated asset objects reloaded before import = 0
Number of asset objects unloaded after import = 2
========================================================================
Received Import Request.
  Time since last request: 8.190153 seconds.
  path: Assets/HighQualityBricks&Walls/Images/brick-807728
  artifactKey: Guid(753072dd820224245a7ed954c83546b9) Importer(815301076,1909f56bfc062723c751e8b465ee728b)
Start importing Assets/HighQualityBricks&Walls/Images/brick-807728 using Guid(753072dd820224245a7ed954c83546b9) Importer(815301076,1909f56bfc062723c751e8b465ee728b)  -> (artifact id: 'bbab14929453c62c626c69901ae48c26') in 0.000443 seconds
Number of updated asset objects reloaded before import = 0
Number of asset objects unloaded after import = 0
========================================================================
Received Import Request.
  Time since last request: 0.131115 seconds.
  path: Assets/HighQualityBricks&Walls/Images/brick-807728/brick-807728.png
  artifactKey: Guid(96bb926b90b82744693ee966a9a1b5a7) Importer(815301076,1909f56bfc062723c751e8b465ee728b)
Start importing Assets/HighQualityBricks&Walls/Images/brick-807728/brick-807728.png using Guid(96bb926b90b82744693ee966a9a1b5a7) Importer(815301076,1909f56bfc062723c751e8b465ee728b)  -> (artifact id: '5ca55d26aa906bdeb317672290580ece') in 0.009154 seconds
Number of updated asset objects reloaded before import = 0
Number of asset objects unloaded after import = 1
========================================================================
Received Import Request.
  Time since last request: 0.000025 seconds.
  path: Assets/HighQualityBricks&Walls/Images/brick-807728/brick-807728_specular.png
  artifactKey: Guid(1b23143232b41204d85d761b07d58631) Importer(815301076,1909f56bfc062723c751e8b465ee728b)
Start importing Assets/HighQualityBricks&Walls/Images/brick-807728/brick-807728_specular.png using Guid(1b23143232b41204d85d761b07d58631) Importer(815301076,1909f56bfc062723c751e8b465ee728b)  -> (artifact id: '647ffe9fb6eb4dac328885a6940f8a32') in 0.002388 seconds
Number of updated asset objects reloaded before import = 0
Number of asset objects unloaded after import = 1
========================================================================
Received Import Request.
  Time since last request: 14.582711 seconds.
  path: Assets/HighQualityBricks&Walls/Images/stone-805287/stone-805287_normal.png
  artifactKey: Guid(b9d667abd7b70774b8b43097f77c3331) Importer(815301076,1909f56bfc062723c751e8b465ee728b)
Start importing Assets/HighQualityBricks&Walls/Images/stone-805287/stone-805287_normal.png using Guid(b9d667abd7b70774b8b43097f77c3331) Importer(815301076,1909f56bfc062723c751e8b465ee728b)  -> (artifact id: '674d470751f6df39e3de9211bd38da6e') in 0.002657 seconds
Number of updated asset objects reloaded before import = 0
Number of asset objects unloaded after import = 1
========================================================================
Received Import Request.
  Time since last request: 40.274160 seconds.
  path: Assets/HighQualityBricks&Walls/Shaders/brick-807728.shader
  artifactKey: Guid(5e1ac426fc19f9945814c9ebeabc5361) Importer(815301076,1909f56bfc062723c751e8b465ee728b)
Start importing Assets/HighQualityBricks&Walls/Shaders/brick-807728.shader using Guid(5e1ac426fc19f9945814c9ebeabc5361) Importer(815301076,1909f56bfc062723c751e8b465ee728b)  -> (artifact id: '156bd46bfd2ae5ba2fd69cf01ca3dd96') in 0.001563 seconds
Number of updated asset objects reloaded before import = 0
Number of asset objects unloaded after import = 1
========================================================================
Received Import Request.
  Time since last request: 9.483317 seconds.
  path: Assets/HighQualityBricks&Walls/Images/stone-805287
  artifactKey: Guid(aeedc0927c3da684a80ac4816002ae60) Importer(815301076,1909f56bfc062723c751e8b465ee728b)
Start importing Assets/HighQualityBricks&Walls/Images/stone-805287 using Guid(aeedc0927c3da684a80ac4816002ae60) Importer(815301076,1909f56bfc062723c751e8b465ee728b)  -> (artifact id: '1b5a2ed918f81953883593d9b6d3f41f') in 0.000611 seconds
Number of updated asset objects reloaded before import = 0
Number of asset objects unloaded after import = 0
========================================================================
Received Prepare
Begin MonoManager ReloadAssembly
- Loaded All Assemblies, in  0.732 seconds
Refreshing native plugins compatible for Editor in 3.69 ms, found 6 plugins.
Native extension for WindowsStandalone target not found
[Package Manager] Failed to launch server process. Reason: Unity was launched with the -noUpm command-line argument
[Package Manager] Unable to send message (not connected to server process).
[Package Manager] Cannot connect to Unity Package Manager local server
System.Reflection.TargetInvocationException: Exception has been thrown by the target of an invocation. ---> System.NullReferenceException: Object reference not set to an instance of an object
  at Unity.XR.Oculus.OculusLoader.AssetPathToAbsolutePath (System.String assetPath) [0x0003d] in .\Library\PackageCache\com.unity.xr.oculus@4.0.0\Runtime\OculusLoader.cs:282 
  at Unity.XR.Oculus.OculusLoader.EditorLoadOVRPlugin () [0x0007b] in .\Library\PackageCache\com.unity.xr.oculus@4.0.0\Runtime\OculusLoader.cs:267 
  at (wrapper managed-to-native) System.Reflection.RuntimeMethodInfo.InternalInvoke(System.Reflection.RuntimeMethodInfo,object,object[],System.Exception&)
  at System.Reflection.RuntimeMethodInfo.Invoke (System.Object obj, System.Reflection.BindingFlags invokeAttr, System.Reflection.Binder binder, System.Object[] parameters, System.Globalization.CultureInfo culture) [0x0006a] in <0de99929796b4095b47389e59e446fbd>:0 
   --- End of inner exception stack trace ---
  at System.Reflection.RuntimeMethodInfo.Invoke (System.Object obj, System.Reflection.BindingFlags invokeAttr, System.Reflection.Binder binder, System.Object[] parameters, System.Globalization.CultureInfo culture) [0x00083] in <0de99929796b4095b47389e59e446fbd>:0 
  at System.Reflection.MethodBase.Invoke (System.Object obj, System.Object[] parameters) [0x00000] in <0de99929796b4095b47389e59e446fbd>:0 
  at UnityEditor.EditorAssemblies.ProcessInitializeOnLoadMethodAttributes () [0x00056] in <c069d6dd98084e0ba1603c039014d6ba>:0 
UnityEngine.StackTraceUtility:ExtractStackTrace ()
UnityEngine.DebugLogHandler:Internal_Log (UnityEngine.LogType,UnityEngine.LogOption,string,UnityEngine.Object)
UnityEngine.DebugLogHandler:LogFormat (UnityEngine.LogType,UnityEngine.Object,string,object[])
UnityEngine.Logger:Log (UnityEngine.LogType,object)
UnityEngine.Debug:LogError (object)
UnityEditor.EditorAssemblies:ProcessInitializeOnLoadMethodAttributes ()

Mono: successfully reloaded assembly
[Package Manager] Failed to launch server process. Reason: Unity was launched with the -noUpm command-line argument
[Package Manager] Unable to send message (not connected to server process).
[Package Manager] Cannot connect to Unity Package Manager local server
- Finished resetting the current domain, in  0.970 seconds
Domain Reload Profiling: 1699ms
	BeginReloadAssembly (161ms)
		ExecutionOrderSort (0ms)
		DisableScriptedObjects (4ms)
		BackupInstance (0ms)
		ReleaseScriptingObjects (0ms)
		CreateAndSetChildDomain (47ms)
	RebuildCommonClasses (31ms)
	RebuildNativeTypeToScriptingClass (11ms)
	initialDomainReloadingComplete (23ms)
	LoadAllAssembliesAndSetupDomain (502ms)
		LoadAssemblies (275ms)
		RebuildTransferFunctionScriptingTraits (0ms)
		AnalyzeDomain (301ms)
			TypeCache.Refresh (279ms)
				TypeCache.ScanAssembly (269ms)
			ScanForSourceGeneratedMonoScriptInfo (10ms)
			ResolveRequiredComponents (11ms)
	FinalizeReload (970ms)
		ReleaseScriptCaches (0ms)
		RebuildScriptCaches (0ms)
		SetupLoadedEditorAssemblies (407ms)
			LogAssemblyErrors (0ms)
			InitializePlatformSupportModulesInManaged (5ms)
			SetLoadedEditorAssemblies (3ms)
			BeforeProcessingInitializeOnLoad (86ms)
			ProcessInitializeOnLoadAttributes (284ms)
			ProcessInitializeOnLoadMethodAttributes (25ms)
			AfterProcessingInitializeOnLoad (4ms)
			EditorAssembliesLoaded (0ms)
		ExecutionOrderSort2 (0ms)
		AwakeInstancesAfterBackupRestoration (13ms)
Refreshing native plugins compatible for Editor in 3.80 ms, found 6 plugins.
Preloading 1 native plugins for Editor in 0.06 ms.
Unloading 6473 Unused Serialized files (Serialized files now loaded: 0)
Unloading 59 unused Assets / (3.1 MB). Loaded Objects now: 7251.
Memory consumption went from 243.1 MB to 240.1 MB.
Total: 4.579600 ms (FindLiveObjects: 0.430900 ms CreateObjectMapping: 0.551100 ms MarkObjects: 3.009300 ms  DeleteObjects: 0.587300 ms)

Prepare: number of updated asset objects reloaded= 0
AssetImportParameters requested are different than current active one (requested -> active):
  custom:video-decoder-webm-vp8: 9c59270c3fd7afecdb556c50c9e8de78 -> 
  custom:audio-encoder-webm-vorbis: bf7c407c2cedff20999df2af8eb42d56 -> 
  custom:audio-decoder-ogg-vorbis: bf7c407c2cedff20999df2af8eb42d56 -> 
  custom:video-encoder-webm-vp8: eb34c28f22e8b96e1ab97ce403110664 -> 
  custom:framework-win-MediaFoundation: 216162199b28c13a410421893ffa2e32 -> 
  custom:video-decoder-ogg-theora: a1e56fd34408186e4bbccfd4996cb3dc -> 
  custom:container-muxer-webm: aa71ff27fc2769a1b78a27578f13a17b -> 
  custom:AudioImporter_EditorPlatform: d09bf68614088b80899f8185d706f6e7 -> 
  custom:container-demuxer-ogg: 62fdf1f143b41e24485cea50d1cbac27 -> 
  custom:container-demuxer-webm: 4f35f7cbe854078d1ac9338744f61a02 -> 
========================================================================
Received Import Request.
  Time since last request: 2259.815503 seconds.
  path: Assets/New VFX.vfx
  artifactKey: Guid(760464d80a0ffa346b008b5bad9826f8) Importer(815301076,1909f56bfc062723c751e8b465ee728b)
Start importing Assets/New VFX.vfx using Guid(760464d80a0ffa346b008b5bad9826f8) Importer(815301076,1909f56bfc062723c751e8b465ee728b)  -> (artifact id: '08ee998bd36c0dc6978ed45d6c0bbf98') in 0.020332 seconds
Number of updated asset objects reloaded before import = 0
Number of asset objects unloaded after import = 6
========================================================================
Received Import Request.
  Time since last request: 57.262508 seconds.
  path: Assets/Fire.vfx
  artifactKey: Guid(760464d80a0ffa346b008b5bad9826f8) Importer(815301076,1909f56bfc062723c751e8b465ee728b)
Start importing Assets/Fire.vfx using Guid(760464d80a0ffa346b008b5bad9826f8) Importer(815301076,1909f56bfc062723c751e8b465ee728b)  -> (artifact id: '5f5d39ecaf01017780d40cf914e0054a') in 0.002001 seconds
Number of updated asset objects reloaded before import = 0
Number of asset objects unloaded after import = 6
========================================================================
Received Import Request.
  Time since last request: 17.407821 seconds.
  path: Assets/Fire.vfx
  artifactKey: Guid(760464d80a0ffa346b008b5bad9826f8) Importer(815301076,1909f56bfc062723c751e8b465ee728b)
Start importing Assets/Fire.vfx using Guid(760464d80a0ffa346b008b5bad9826f8) Importer(815301076,1909f56bfc062723c751e8b465ee728b)  -> (artifact id: '518dbd50d3743e9449839995c29afd87') in 0.001993 seconds
Number of updated asset objects reloaded before import = 0
Number of asset objects unloaded after import = 6
========================================================================
Received Import Request.
  Time since last request: 47.017965 seconds.
  path: Assets/Fire.vfx
  artifactKey: Guid(760464d80a0ffa346b008b5bad9826f8) Importer(815301076,1909f56bfc062723c751e8b465ee728b)
Start importing Assets/Fire.vfx using Guid(760464d80a0ffa346b008b5bad9826f8) Importer(815301076,1909f56bfc062723c751e8b465ee728b)  -> (artifact id: '685994444879b21db0f07409ed3ce342') in 0.002183 seconds
Number of updated asset objects reloaded before import = 0
Number of asset objects unloaded after import = 6
========================================================================
Received Import Request.
  Time since last request: 362.076394 seconds.
  path: Assets/Fire.vfx
  artifactKey: Guid(760464d80a0ffa346b008b5bad9826f8) Importer(815301076,1909f56bfc062723c751e8b465ee728b)
Start importing Assets/Fire.vfx using Guid(760464d80a0ffa346b008b5bad9826f8) Importer(815301076,1909f56bfc062723c751e8b465ee728b)  -> (artifact id: 'db0dfa3fc14819216c957085a46809b6') in 0.032134 seconds
Number of updated asset objects reloaded before import = 0
Number of asset objects unloaded after import = 6
========================================================================
Received Import Request.
  Time since last request: 253.499672 seconds.
  path: Assets/Fire.vfx
  artifactKey: Guid(760464d80a0ffa346b008b5bad9826f8) Importer(815301076,1909f56bfc062723c751e8b465ee728b)
Start importing Assets/Fire.vfx using Guid(760464d80a0ffa346b008b5bad9826f8) Importer(815301076,1909f56bfc062723c751e8b465ee728b)  -> (artifact id: '6ae91497697fda6290aa1ce28522a1cd') in 0.002348 seconds
Number of updated asset objects reloaded before import = 0
Number of asset objects unloaded after import = 6
========================================================================
Received Import Request.
  Time since last request: 4.639045 seconds.
  path: Assets/Fire.vfx
  artifactKey: Guid(760464d80a0ffa346b008b5bad9826f8) Importer(815301076,1909f56bfc062723c751e8b465ee728b)
Start importing Assets/Fire.vfx using Guid(760464d80a0ffa346b008b5bad9826f8) Importer(815301076,1909f56bfc062723c751e8b465ee728b)  -> (artifact id: '07a153b5fbf4d9236242fb4c989a2c60') in 0.002041 seconds
Number of updated asset objects reloaded before import = 0
Number of asset objects unloaded after import = 6
========================================================================
Received Import Request.
  Time since last request: 299.573592 seconds.
  path: Assets/Fire.vfx
  artifactKey: Guid(760464d80a0ffa346b008b5bad9826f8) Importer(815301076,1909f56bfc062723c751e8b465ee728b)
Start importing Assets/Fire.vfx using Guid(760464d80a0ffa346b008b5bad9826f8) Importer(815301076,1909f56bfc062723c751e8b465ee728b)  -> (artifact id: 'b1802a0968ff3dd795d54774353938fb') in 0.002317 seconds
Number of updated asset objects reloaded before import = 0
Number of asset objects unloaded after import = 6
========================================================================
Received Import Request.
  Time since last request: 121.004569 seconds.
  path: Assets/Fire.vfx
  artifactKey: Guid(760464d80a0ffa346b008b5bad9826f8) Importer(815301076,1909f56bfc062723c751e8b465ee728b)
Start importing Assets/Fire.vfx using Guid(760464d80a0ffa346b008b5bad9826f8) Importer(815301076,1909f56bfc062723c751e8b465ee728b)  -> (artifact id: '4d9d81e532fe7c49b6b88899c35158ab') in 0.002117 seconds
Number of updated asset objects reloaded before import = 0
Number of asset objects unloaded after import = 6
========================================================================
Received Import Request.
  Time since last request: 532.615144 seconds.
  path: Assets/Fire.vfx
  artifactKey: Guid(760464d80a0ffa346b008b5bad9826f8) Importer(815301076,1909f56bfc062723c751e8b465ee728b)
Start importing Assets/Fire.vfx using Guid(760464d80a0ffa346b008b5bad9826f8) Importer(815301076,1909f56bfc062723c751e8b465ee728b)  -> (artifact id: '6cb66a3a861296d87b6b1be5ea50fe8b') in 0.002386 seconds
Number of updated asset objects reloaded before import = 0
Number of asset objects unloaded after import = 6
========================================================================
Received Import Request.
  Time since last request: 12.654530 seconds.
  path: Assets/Fire.vfx
  artifactKey: Guid(760464d80a0ffa346b008b5bad9826f8) Importer(815301076,1909f56bfc062723c751e8b465ee728b)
Start importing Assets/Fire.vfx using Guid(760464d80a0ffa346b008b5bad9826f8) Importer(815301076,1909f56bfc062723c751e8b465ee728b)  -> (artifact id: 'fa68d17fd63d47879806704f92e457da') in 0.001886 seconds
Number of updated asset objects reloaded before import = 0
Number of asset objects unloaded after import = 6
========================================================================
Received Import Request.
  Time since last request: 64.971705 seconds.
  path: Packages/com.unity.visualeffectgraph/Textures/DefaultParticle.tga
  artifactKey: Guid(276d9e395ae18fe40a9b4988549f2349) Importer(815301076,1909f56bfc062723c751e8b465ee728b)
Start importing Packages/com.unity.visualeffectgraph/Textures/DefaultParticle.tga using Guid(276d9e395ae18fe40a9b4988549f2349) Importer(815301076,1909f56bfc062723c751e8b465ee728b)  -> (artifact id: '8d506ff53598fc5d53ed7472bc32dd8f') in 0.001936 seconds
Number of updated asset objects reloaded before import = 0
Number of asset objects unloaded after import = 1
========================================================================
Received Import Request.
  Time since last request: 0.000021 seconds.
  path: Packages/com.unity.visualeffectgraph/Textures/SignedDistanceField.asset
  artifactKey: Guid(5c2949c31aafddd4e8011ffdebb8fdf7) Importer(815301076,1909f56bfc062723c751e8b465ee728b)
Start importing Packages/com.unity.visualeffectgraph/Textures/SignedDistanceField.asset using Guid(5c2949c31aafddd4e8011ffdebb8fdf7) Importer(815301076,1909f56bfc062723c751e8b465ee728b)  -> (artifact id: '127d08ef8d169a0f78418138f0a6654c') in 0.007185 seconds
Number of updated asset objects reloaded before import = 0
Number of asset objects unloaded after import = 1
========================================================================
Received Import Request.
  Time since last request: 0.000134 seconds.
  path: Packages/com.unity.visualeffectgraph/Textures/Sphere.tga
  artifactKey: Guid(d01d8874889eebc4ab0cde7f2b3309de) Importer(815301076,1909f56bfc062723c751e8b465ee728b)
Start importing Packages/com.unity.visualeffectgraph/Textures/Sphere.tga using Guid(d01d8874889eebc4ab0cde7f2b3309de) Importer(815301076,1909f56bfc062723c751e8b465ee728b)  -> (artifact id: 'a5a6ce3da175944f44b4e83bf6da95f5') in 0.001297 seconds
Number of updated asset objects reloaded before import = 0
Number of asset objects unloaded after import = 1
========================================================================
Received Import Request.
  Time since last request: 0.000124 seconds.
  path: Packages/com.unity.visualeffectgraph/Textures/TileableGradientNoise.asset
  artifactKey: Guid(957f5b57c432f1f45bb6af0c652e917e) Importer(815301076,1909f56bfc062723c751e8b465ee728b)
Start importing Packages/com.unity.visualeffectgraph/Textures/TileableGradientNoise.asset using Guid(957f5b57c432f1f45bb6af0c652e917e) Importer(815301076,1909f56bfc062723c751e8b465ee728b)  -> (artifact id: 'aa1c9a12863d78a4f819226771241023') in 0.006873 seconds
Number of updated asset objects reloaded before import = 0
Number of asset objects unloaded after import = 1
========================================================================
Received Import Request.
  Time since last request: 0.000110 seconds.
  path: Packages/com.unity.visualeffectgraph/Textures/SimpleSmoke.tga
  artifactKey: Guid(de0fae515169ff246a20d58a8a440ed0) Importer(815301076,1909f56bfc062723c751e8b465ee728b)
Start importing Packages/com.unity.visualeffectgraph/Textures/SimpleSmoke.tga using Guid(de0fae515169ff246a20d58a8a440ed0) Importer(815301076,1909f56bfc062723c751e8b465ee728b)  -> (artifact id: '3ba8d1a80bb5faad6bc18ed4ac530447') in 0.001131 seconds
Number of updated asset objects reloaded before import = 0
Number of asset objects unloaded after import = 1
========================================================================
Received Import Request.
  Time since last request: 1.244484 seconds.
  path: Assets/DreamForestTree/DemoScene/default_flare/Flare50mm+.psd
  artifactKey: Guid(23a02ac18d11c9ffa0009c58a8ad6659) Importer(815301076,1909f56bfc062723c751e8b465ee728b)
Start importing Assets/DreamForestTree/DemoScene/default_flare/Flare50mm+.psd using Guid(23a02ac18d11c9ffa0009c58a8ad6659) Importer(815301076,1909f56bfc062723c751e8b465ee728b)  -> (artifact id: '4bcbfb61e8d1c75783d988d453c27e3d') in 0.004247 seconds
Number of updated asset objects reloaded before import = 0
Number of asset objects unloaded after import = 1
========================================================================
Received Import Request.
  Time since last request: 0.244331 seconds.
  path: Assets/DreamForestTree/PostProcessing/Resources/Bluenoise64/LDR_LLL1_1.png
  artifactKey: Guid(3c2f1fb7e4b66e74191b7c328ada52d9) Importer(815301076,1909f56bfc062723c751e8b465ee728b)
Start importing Assets/DreamForestTree/PostProcessing/Resources/Bluenoise64/LDR_LLL1_1.png using Guid(3c2f1fb7e4b66e74191b7c328ada52d9) Importer(815301076,1909f56bfc062723c751e8b465ee728b)  -> (artifact id: '97946a20ba86665f4e83ba23b9f1f91f') in 0.001033 seconds
Number of updated asset objects reloaded before import = 0
Number of asset objects unloaded after import = 1
========================================================================
Received Import Request.
  Time since last request: 0.000116 seconds.
  path: Assets/DreamForestTree/PostProcessing/Resources/Bluenoise64/LDR_LLL1_15.png
  artifactKey: Guid(2ee161d8945169243b5698fec114e1b7) Importer(815301076,1909f56bfc062723c751e8b465ee728b)
Start importing Assets/DreamForestTree/PostProcessing/Resources/Bluenoise64/LDR_LLL1_15.png using Guid(2ee161d8945169243b5698fec114e1b7) Importer(815301076,1909f56bfc062723c751e8b465ee728b)  -> (artifact id: 'b3bc54dd7c585eae748223705c536b43') in 0.000896 seconds
Number of updated asset objects reloaded before import = 0
Number of asset objects unloaded after import = 1
========================================================================
Received Import Request.
  Time since last request: 0.000133 seconds.
  path: Assets/DreamForestTree/PostProcessing/Resources/Bluenoise64/LDR_LLL1_13.png
  artifactKey: Guid(68613e6a221be1a4b9f31d7fa1c2d1bf) Importer(815301076,1909f56bfc062723c751e8b465ee728b)
Start importing Assets/DreamForestTree/PostProcessing/Resources/Bluenoise64/LDR_LLL1_13.png using Guid(68613e6a221be1a4b9f31d7fa1c2d1bf) Importer(815301076,1909f56bfc062723c751e8b465ee728b)  -> (artifact id: '69ee12ebffc4cb3bc95100f598a76fb4') in 0.001216 seconds
Number of updated asset objects reloaded before import = 0
Number of asset objects unloaded after import = 1
========================================================================
Received Import Request.
  Time since last request: 0.000110 seconds.
  path: Assets/DreamForestTree/PostProcessing/Resources/Bluenoise64/LDR_LLL1_17.png
  artifactKey: Guid(bf95b6fdc179b0e4f890c841406193fc) Importer(815301076,1909f56bfc062723c751e8b465ee728b)
Start importing Assets/DreamForestTree/PostProcessing/Resources/Bluenoise64/LDR_LLL1_17.png using Guid(bf95b6fdc179b0e4f890c841406193fc) Importer(815301076,1909f56bfc062723c751e8b465ee728b)  -> (artifact id: '34654d2bdf7a3751330bd5cea39b65c7') in 0.000891 seconds
Number of updated asset objects reloaded before import = 0
Number of asset objects unloaded after import = 1
========================================================================
Received Import Request.
  Time since last request: 0.485680 seconds.
  path: Assets/DreamForestTree/Textures/Ground/Grass 1 N.psd
  artifactKey: Guid(cd0df4b4b7ec579499800f972de7875c) Importer(815301076,1909f56bfc062723c751e8b465ee728b)
Start importing Assets/DreamForestTree/Textures/Ground/Grass 1 N.psd using Guid(cd0df4b4b7ec579499800f972de7875c) Importer(815301076,1909f56bfc062723c751e8b465ee728b)  -> (artifact id: '9b09a2ee220e173fcf42a9ac2b239173') in 0.001370 seconds
Number of updated asset objects reloaded before import = 0
Number of asset objects unloaded after import = 1
========================================================================
Received Import Request.
  Time since last request: 0.000072 seconds.
  path: Assets/DreamForestTree/Textures/Grass/grass plant 4.png
  artifactKey: Guid(c7abd6e6162ed0141870c5c748173ecb) Importer(815301076,1909f56bfc062723c751e8b465ee728b)
Start importing Assets/DreamForestTree/Textures/Grass/grass plant 4.png using Guid(c7abd6e6162ed0141870c5c748173ecb) Importer(815301076,1909f56bfc062723c751e8b465ee728b)  -> (artifact id: 'b30c31c956b30dc049b9b72f6b010be1') in 0.001708 seconds
Number of updated asset objects reloaded before import = 0
Number of asset objects unloaded after import = 1
========================================================================
Received Import Request.
  Time since last request: 0.000132 seconds.
  path: Assets/DreamForestTree/Textures/Grass/grass plant 2.png
  artifactKey: Guid(2e2aeb89009e08c479cf2903fc8fa276) Importer(815301076,1909f56bfc062723c751e8b465ee728b)
Start importing Assets/DreamForestTree/Textures/Grass/grass plant 2.png using Guid(2e2aeb89009e08c479cf2903fc8fa276) Importer(815301076,1909f56bfc062723c751e8b465ee728b)  -> (artifact id: 'c4168a70783a503cf7752bcba467caf0') in 0.002116 seconds
Number of updated asset objects reloaded before import = 0
Number of asset objects unloaded after import = 1
========================================================================
Received Import Request.
  Time since last request: 0.173928 seconds.
  path: Assets/DreamForestTree/Textures/Grass/grass plant 1.png
  artifactKey: Guid(0705cfa7ef11ef4438997bbfd18fdbd1) Importer(815301076,1909f56bfc062723c751e8b465ee728b)
Start importing Assets/DreamForestTree/Textures/Grass/grass plant 1.png using Guid(0705cfa7ef11ef4438997bbfd18fdbd1) Importer(815301076,1909f56bfc062723c751e8b465ee728b)  -> (artifact id: 'c228e805320f49d3d761291b1b5fcc86') in 0.001428 seconds
Number of updated asset objects reloaded before import = 0
Number of asset objects unloaded after import = 1
========================================================================
Received Import Request.
  Time since last request: 0.073171 seconds.
  path: Assets/DreamForestTree/Textures/Trees/Bark 1 N.psd
  artifactKey: Guid(a5884e30377ed0a45a18cca3365b29b4) Importer(815301076,1909f56bfc062723c751e8b465ee728b)
Start importing Assets/DreamForestTree/Textures/Trees/Bark 1 N.psd using Guid(a5884e30377ed0a45a18cca3365b29b4) Importer(815301076,1909f56bfc062723c751e8b465ee728b)  -> (artifact id: 'f068031eead7f39569ba2e75d8063ce5') in 0.005615 seconds
Number of updated asset objects reloaded before import = 0
Number of asset objects unloaded after import = 1
========================================================================
Received Import Request.
  Time since last request: 0.000108 seconds.
  path: Assets/DreamForestTree/Textures/Trees/Bark 2 N.psd
  artifactKey: Guid(f08221096a97744419c55f1266293ae5) Importer(815301076,1909f56bfc062723c751e8b465ee728b)
Start importing Assets/DreamForestTree/Textures/Trees/Bark 2 N.psd using Guid(f08221096a97744419c55f1266293ae5) Importer(815301076,1909f56bfc062723c751e8b465ee728b)  -> (artifact id: '827d8b9ad2eee2f336386a63dedad351') in 0.002475 seconds
Number of updated asset objects reloaded before import = 0
Number of asset objects unloaded after import = 1
========================================================================
Received Import Request.
  Time since last request: 0.000110 seconds.
  path: Assets/DreamForestTree/Textures/Trees/Bark 2.psd
  artifactKey: Guid(1a3df453886534b47a4f53833e187bea) Importer(815301076,1909f56bfc062723c751e8b465ee728b)
Start importing Assets/DreamForestTree/Textures/Trees/Bark 2.psd using Guid(1a3df453886534b47a4f53833e187bea) Importer(815301076,1909f56bfc062723c751e8b465ee728b)  -> (artifact id: 'f4ff688cf194caca4588d25f2f788622') in 0.001580 seconds
Number of updated asset objects reloaded before import = 0
Number of asset objects unloaded after import = 1
========================================================================
Received Import Request.
  Time since last request: 6.378712 seconds.
  path: Assets/DreamForestTree/PostProcessing/Resources/Bluenoise64/LDR_LLL1_28.png
  artifactKey: Guid(02c0a84bd64c6f044954d8bde9b46ec8) Importer(815301076,1909f56bfc062723c751e8b465ee728b)
Start importing Assets/DreamForestTree/PostProcessing/Resources/Bluenoise64/LDR_LLL1_28.png using Guid(02c0a84bd64c6f044954d8bde9b46ec8) Importer(815301076,1909f56bfc062723c751e8b465ee728b)  -> (artifact id: '64c0e726ce7358d4fc743d2b71d8bd65') in 0.001563 seconds
Number of updated asset objects reloaded before import = 0
Number of asset objects unloaded after import = 1
========================================================================
Received Import Request.
  Time since last request: 0.222234 seconds.
  path: Assets/DreamForestTree/Textures/Trees/bush 1 Trans.psd
  artifactKey: Guid(6ec4b90faa42dbb4ca3bb84792382cb2) Importer(815301076,1909f56bfc062723c751e8b465ee728b)
Start importing Assets/DreamForestTree/Textures/Trees/bush 1 Trans.psd using Guid(6ec4b90faa42dbb4ca3bb84792382cb2) Importer(815301076,1909f56bfc062723c751e8b465ee728b)  -> (artifact id: 'c63155d062e11a7ccbdca7bb62a82dc8') in 0.001357 seconds
Number of updated asset objects reloaded before import = 0
Number of asset objects unloaded after import = 1
========================================================================
Received Import Request.
  Time since last request: 0.025319 seconds.
  path: Assets/DreamForestTree/Textures/Trees/bush 2.psd
  artifactKey: Guid(e5764d649f4d5aa44bd1364aaff46b6e) Importer(815301076,1909f56bfc062723c751e8b465ee728b)
Start importing Assets/DreamForestTree/Textures/Trees/bush 2.psd using Guid(e5764d649f4d5aa44bd1364aaff46b6e) Importer(815301076,1909f56bfc062723c751e8b465ee728b)  -> (artifact id: '51b4282c742c17cf5a846946642daae2') in 0.001529 seconds
Number of updated asset objects reloaded before import = 0
Number of asset objects unloaded after import = 1
========================================================================
Received Import Request.
  Time since last request: 0.000067 seconds.
  path: Assets/DreamForestTree/Textures/Trees/bush 2 Trans.psd
  artifactKey: Guid(cbce07d5b59481a41b637d95986cba1a) Importer(815301076,1909f56bfc062723c751e8b465ee728b)
Start importing Assets/DreamForestTree/Textures/Trees/bush 2 Trans.psd using Guid(cbce07d5b59481a41b637d95986cba1a) Importer(815301076,1909f56bfc062723c751e8b465ee728b)  -> (artifact id: '9f3ff5b944fc174e33c3d16fef5482ce') in 0.001448 seconds
Number of updated asset objects reloaded before import = 0
Number of asset objects unloaded after import = 1
========================================================================
Received Prepare
Refreshing native plugins compatible for Editor in 5.93 ms, found 6 plugins.
Preloading 1 native plugins for Editor in 0.07 ms.
Unloading 19 Unused Serialized files (Serialized files now loaded: 0)
Unloading 19 unused Assets / (3.0 MB). Loaded Objects now: 7251.
Memory consumption went from 143.5 MB to 140.4 MB.
Total: 6.592600 ms (FindLiveObjects: 0.471100 ms CreateObjectMapping: 0.762700 ms MarkObjects: 4.723900 ms  DeleteObjects: 0.633600 ms)

Prepare: number of updated asset objects reloaded= 0
AssetImportParameters requested are different than current active one (requested -> active):
  custom:video-decoder-webm-vp8: 9c59270c3fd7afecdb556c50c9e8de78 -> 
  custom:SearchIndexIgnoredProperties: e643bd26f0fe6173181afceb89e7c659 -> 
  custom:audio-encoder-webm-vorbis: bf7c407c2cedff20999df2af8eb42d56 -> 
  custom:audio-decoder-ogg-vorbis: bf7c407c2cedff20999df2af8eb42d56 -> 
  custom:video-encoder-webm-vp8: eb34c28f22e8b96e1ab97ce403110664 -> 
  custom:framework-win-MediaFoundation: 216162199b28c13a410421893ffa2e32 -> 
  custom:video-decoder-ogg-theora: a1e56fd34408186e4bbccfd4996cb3dc -> 
  custom:container-muxer-webm: aa71ff27fc2769a1b78a27578f13a17b -> 
  custom:AudioImporter_EditorPlatform: d09bf68614088b80899f8185d706f6e7 -> 
  custom:container-demuxer-ogg: 62fdf1f143b41e24485cea50d1cbac27 -> 
  custom:container-demuxer-webm: 4f35f7cbe854078d1ac9338744f61a02 -> 
========================================================================
Received Import Request.
  Time since last request: 36.017089 seconds.
  path: Assets/DreamForestTree/Textures/Ground/Grass 3.psd
  artifactKey: Guid(656afd8e9942c0846bd3cb51c33e7cd2) Importer(815301076,1909f56bfc062723c751e8b465ee728b)
Start importing Assets/DreamForestTree/Textures/Ground/Grass 3.psd using Guid(656afd8e9942c0846bd3cb51c33e7cd2) Importer(815301076,1909f56bfc062723c751e8b465ee728b)  -> (artifact id: '416cc03ab7c55aace505f2aeb191ee16') in 0.010614 seconds
Number of updated asset objects reloaded before import = 0
Number of asset objects unloaded after import = 1
========================================================================
Received Import Request.
  Time since last request: 1.992118 seconds.
  path: Assets/Simple Modular Dungeon/Components/Texture Maps/ModularDungeonSeperatedMaterials_Stone (Pillar Variation 001)_Normal.png
  artifactKey: Guid(4bbf57ff248ba8347a1d45b59a6662f7) Importer(815301076,1909f56bfc062723c751e8b465ee728b)
Start importing Assets/Simple Modular Dungeon/Components/Texture Maps/ModularDungeonSeperatedMaterials_Stone (Pillar Variation 001)_Normal.png using Guid(4bbf57ff248ba8347a1d45b59a6662f7) Importer(815301076,1909f56bfc062723c751e8b465ee728b)  -> (artifact id: 'd772ab6e4d6455b96f0f410f584ea8c6') in 0.001207 seconds
Number of updated asset objects reloaded before import = 0
Number of asset objects unloaded after import = 1
========================================================================
Received Import Request.
  Time since last request: 0.000152 seconds.
  path: Assets/Simple Modular Dungeon/Components/Texture Maps/ModularDungeonSeperatedMaterials_Stone (Pillar Variation 003)_AmbientOcclusion.png
  artifactKey: Guid(fadeaded92832904fa71460847bfdf57) Importer(815301076,1909f56bfc062723c751e8b465ee728b)
Start importing Assets/Simple Modular Dungeon/Components/Texture Maps/ModularDungeonSeperatedMaterials_Stone (Pillar Variation 003)_AmbientOcclusion.png using Guid(fadeaded92832904fa71460847bfdf57) Importer(815301076,1909f56bfc062723c751e8b465ee728b)  -> (artifact id: '6c9fd4dadcc24b2848d397a77f3ffdd0') in 0.001334 seconds
Number of updated asset objects reloaded before import = 0
Number of asset objects unloaded after import = 1
========================================================================
Received Import Request.
  Time since last request: 0.000012 seconds.
  path: Assets/Simple Modular Dungeon/Components/Texture Maps/ModularDungeonSeperatedMaterials_Stone (Pillar Variation 002)_Normal.png
  artifactKey: Guid(d236921204147bc4bad2f0ac8e977a63) Importer(815301076,1909f56bfc062723c751e8b465ee728b)
Start importing Assets/Simple Modular Dungeon/Components/Texture Maps/ModularDungeonSeperatedMaterials_Stone (Pillar Variation 002)_Normal.png using Guid(d236921204147bc4bad2f0ac8e977a63) Importer(815301076,1909f56bfc062723c751e8b465ee728b)  -> (artifact id: 'de2b5ed2b343753c88ab35e38979a894') in 0.001320 seconds
Number of updated asset objects reloaded before import = 0
Number of asset objects unloaded after import = 1
========================================================================
Received Import Request.
  Time since last request: 0.000118 seconds.
  path: Assets/Simple Modular Dungeon/Components/Texture Maps/ModularDungeonSeperatedMaterials_Stone (Pillar Variation 002)_AmbientOcclusion.png
  artifactKey: Guid(d1ddc1fd58909f149963ea117acfbb66) Importer(815301076,1909f56bfc062723c751e8b465ee728b)
Start importing Assets/Simple Modular Dungeon/Components/Texture Maps/ModularDungeonSeperatedMaterials_Stone (Pillar Variation 002)_AmbientOcclusion.png using Guid(d1ddc1fd58909f149963ea117acfbb66) Importer(815301076,1909f56bfc062723c751e8b465ee728b)  -> (artifact id: '6b618f59f621d5db4d98e7175d21c4ff') in 0.001042 seconds
Number of updated asset objects reloaded before import = 0
Number of asset objects unloaded after import = 1
========================================================================
Received Import Request.
  Time since last request: 0.000050 seconds.
  path: Assets/Simple Modular Dungeon/Components/Texture Maps/ModularDungeonSeperatedMaterials_Stone (Pillar Variation 003)_BaseMap.png
  artifactKey: Guid(7aba5b96625ab234388f16e85ca06250) Importer(815301076,1909f56bfc062723c751e8b465ee728b)
Start importing Assets/Simple Modular Dungeon/Components/Texture Maps/ModularDungeonSeperatedMaterials_Stone (Pillar Variation 003)_BaseMap.png using Guid(7aba5b96625ab234388f16e85ca06250) Importer(815301076,1909f56bfc062723c751e8b465ee728b)  -> (artifact id: '859d7ce976732963f7ac355d743d9001') in 0.001207 seconds
Number of updated asset objects reloaded before import = 0
Number of asset objects unloaded after import = 1
========================================================================
Received Import Request.
  Time since last request: 0.000097 seconds.
  path: Assets/Simple Modular Dungeon/Components/Texture Maps/ModularDungeonSeperatedMaterials_Stone (Pillar Variation 003)_Height.png
  artifactKey: Guid(a08379220c77535459b573beb480b940) Importer(815301076,1909f56bfc062723c751e8b465ee728b)
Start importing Assets/Simple Modular Dungeon/Components/Texture Maps/ModularDungeonSeperatedMaterials_Stone (Pillar Variation 003)_Height.png using Guid(a08379220c77535459b573beb480b940) Importer(815301076,1909f56bfc062723c751e8b465ee728b)  -> (artifact id: 'c878568a52c4fbff9808800fdac471b4') in 0.001219 seconds
Number of updated asset objects reloaded before import = 0
Number of asset objects unloaded after import = 1
========================================================================
Received Import Request.
  Time since last request: 0.000090 seconds.
  path: Assets/Simple Modular Dungeon/Components/Texture Maps/ModularDungeonSeperatedMaterials_Stone (Pillar Variation 003)_Albedo.png
  artifactKey: Guid(5c825e837f9749b4094cd022bbe27453) Importer(815301076,1909f56bfc062723c751e8b465ee728b)
Start importing Assets/Simple Modular Dungeon/Components/Texture Maps/ModularDungeonSeperatedMaterials_Stone (Pillar Variation 003)_Albedo.png using Guid(5c825e837f9749b4094cd022bbe27453) Importer(815301076,1909f56bfc062723c751e8b465ee728b)  -> (artifact id: 'a85c1df457907485e9df0c4a2e05fdfa') in 0.001068 seconds
Number of updated asset objects reloaded before import = 0
Number of asset objects unloaded after import = 1
========================================================================
Received Import Request.
  Time since last request: 0.459645 seconds.
  path: Assets/Samples/XR Interaction Toolkit/2.3.2/XR Device Simulator/UI/General/Unlocked.png
  artifactKey: Guid(f01f3bb228b3b4251a04e2036212d115) Importer(815301076,1909f56bfc062723c751e8b465ee728b)
Start importing Assets/Samples/XR Interaction Toolkit/2.3.2/XR Device Simulator/UI/General/Unlocked.png using Guid(f01f3bb228b3b4251a04e2036212d115) Importer(815301076,1909f56bfc062723c751e8b465ee728b)  -> (artifact id: '1178405b3dbfc7cfb3755941c288bb13') in 0.001978 seconds
Number of updated asset objects reloaded before import = 0
Number of asset objects unloaded after import = 2
========================================================================
Received Import Request.
  Time since last request: 0.000038 seconds.
  path: Assets/Samples/XR Interaction Toolkit/2.3.2/XR Device Simulator/UI/HeadDevice/XR.png
  artifactKey: Guid(0265e2b6afccd49de9c1f0b3a1fb4285) Importer(815301076,1909f56bfc062723c751e8b465ee728b)
Start importing Assets/Samples/XR Interaction Toolkit/2.3.2/XR Device Simulator/UI/HeadDevice/XR.png using Guid(0265e2b6afccd49de9c1f0b3a1fb4285) Importer(815301076,1909f56bfc062723c751e8b465ee728b)  -> (artifact id: '736bfa10f17aa11ef8496702d3cb902b') in 0.001387 seconds
Number of updated asset objects reloaded before import = 0
Number of asset objects unloaded after import = 2
========================================================================
Received Import Request.
  Time since last request: 0.000109 seconds.
  path: Assets/DreamForestTree/Textures/Water/water pool.psd
  artifactKey: Guid(e0d862c4fd71b3f479612a378d3a6d1f) Importer(815301076,1909f56bfc062723c751e8b465ee728b)
Start importing Assets/DreamForestTree/Textures/Water/water pool.psd using Guid(e0d862c4fd71b3f479612a378d3a6d1f) Importer(815301076,1909f56bfc062723c751e8b465ee728b)  -> (artifact id: '3af88af03651a21a7758e62ec406c639') in 0.001329 seconds
Number of updated asset objects reloaded before import = 0
Number of asset objects unloaded after import = 1
========================================================================
Received Import Request.
  Time since last request: 11.364539 seconds.
  path: Assets/Simple Modular Dungeon/Components/Texture Maps/ModularDungeonSeperatedMaterials_Brown Wood (Small Crate Variation 001)_Albedo.png
  artifactKey: Guid(20cd77b69b4fadc4aa601e08e51a7ebc) Importer(815301076,1909f56bfc062723c751e8b465ee728b)
Start importing Assets/Simple Modular Dungeon/Components/Texture Maps/ModularDungeonSeperatedMaterials_Brown Wood (Small Crate Variation 001)_Albedo.png using Guid(20cd77b69b4fadc4aa601e08e51a7ebc) Importer(815301076,1909f56bfc062723c751e8b465ee728b)  -> (artifact id: '83d36070bdd65f3bbbbfa7ca90fbe57c') in 0.001224 seconds
Number of updated asset objects reloaded before import = 0
Number of asset objects unloaded after import = 1
========================================================================
Received Import Request.
  Time since last request: 0.000169 seconds.
  path: Assets/Simple Modular Dungeon/Components/Texture Maps/ModularDungeonSeperatedMaterials_Brown Wood (Small Crate Variation 001)_MaskMap.png
  artifactKey: Guid(8fda0e743179b5b43929bba8f22f63a0) Importer(815301076,1909f56bfc062723c751e8b465ee728b)
Start importing Assets/Simple Modular Dungeon/Components/Texture Maps/ModularDungeonSeperatedMaterials_Brown Wood (Small Crate Variation 001)_MaskMap.png using Guid(8fda0e743179b5b43929bba8f22f63a0) Importer(815301076,1909f56bfc062723c751e8b465ee728b)  -> (artifact id: 'a8b54da4980b5b434a47a2e54e71005e') in 0.001036 seconds
Number of updated asset objects reloaded before import = 0
Number of asset objects unloaded after import = 1
========================================================================
Received Import Request.
  Time since last request: 0.000127 seconds.
  path: Assets/Simple Modular Dungeon/Components/Texture Maps/ModularDungeonSeperatedMaterials_Brown Wood (Small Crate Variation 001)_Metallic.png
  artifactKey: Guid(e3198b7327242b04e9f237afbd27ce37) Importer(815301076,1909f56bfc062723c751e8b465ee728b)
Start importing Assets/Simple Modular Dungeon/Components/Texture Maps/ModularDungeonSeperatedMaterials_Brown Wood (Small Crate Variation 001)_Metallic.png using Guid(e3198b7327242b04e9f237afbd27ce37) Importer(815301076,1909f56bfc062723c751e8b465ee728b)  -> (artifact id: '180ac8e38f49b0e3688348a2a7aa7558') in 0.001179 seconds
Number of updated asset objects reloaded before import = 0
Number of asset objects unloaded after import = 1
========================================================================
Received Import Request.
  Time since last request: 0.000012 seconds.
  path: Assets/Simple Modular Dungeon/Components/Texture Maps/ModularDungeonSeperatedMaterials_Brown Wood (Small Crate Variation 001)_Normal.png
  artifactKey: Guid(28f148b8a00f7c2459c4ba422b343325) Importer(815301076,1909f56bfc062723c751e8b465ee728b)
Start importing Assets/Simple Modular Dungeon/Components/Texture Maps/ModularDungeonSeperatedMaterials_Brown Wood (Small Crate Variation 001)_Normal.png using Guid(28f148b8a00f7c2459c4ba422b343325) Importer(815301076,1909f56bfc062723c751e8b465ee728b)  -> (artifact id: '6c1c5da1f6888b9f27d685927f9ca88f') in 0.001264 seconds
Number of updated asset objects reloaded before import = 0
Number of asset objects unloaded after import = 1
========================================================================
Received Import Request.
  Time since last request: 3448.393565 seconds.
  path: Assets/Fire.vfx
  artifactKey: Guid(760464d80a0ffa346b008b5bad9826f8) Importer(815301076,1909f56bfc062723c751e8b465ee728b)
Start importing Assets/Fire.vfx using Guid(760464d80a0ffa346b008b5bad9826f8) Importer(815301076,1909f56bfc062723c751e8b465ee728b)  -> (artifact id: '436a1f3dedfffad5a4f313c6703bf19d') in 0.002548 seconds
Number of updated asset objects reloaded before import = 0
Number of asset objects unloaded after import = 6
========================================================================
Received Import Request.
  Time since last request: 14.431995 seconds.
  path: Assets/Fire.vfx
  artifactKey: Guid(760464d80a0ffa346b008b5bad9826f8) Importer(815301076,1909f56bfc062723c751e8b465ee728b)
Start importing Assets/Fire.vfx using Guid(760464d80a0ffa346b008b5bad9826f8) Importer(815301076,1909f56bfc062723c751e8b465ee728b)  -> (artifact id: '0cbf09e12b567cb02b21d37a0fda75ca') in 0.001900 seconds
Number of updated asset objects reloaded before import = 0
Number of asset objects unloaded after import = 6
========================================================================
Received Import Request.
  Time since last request: 50.366134 seconds.
  path: Assets/Fire.vfx
  artifactKey: Guid(760464d80a0ffa346b008b5bad9826f8) Importer(815301076,1909f56bfc062723c751e8b465ee728b)
Start importing Assets/Fire.vfx using Guid(760464d80a0ffa346b008b5bad9826f8) Importer(815301076,1909f56bfc062723c751e8b465ee728b)  -> (artifact id: 'a14c55a6a2f6d2c4c48a5bb7e3efc9ab') in 0.001948 seconds
Number of updated asset objects reloaded before import = 0
Number of asset objects unloaded after import = 6
========================================================================
Received Import Request.
  Time since last request: 14.156403 seconds.
  path: Assets/Fire.vfx
  artifactKey: Guid(760464d80a0ffa346b008b5bad9826f8) Importer(815301076,1909f56bfc062723c751e8b465ee728b)
Start importing Assets/Fire.vfx using Guid(760464d80a0ffa346b008b5bad9826f8) Importer(815301076,1909f56bfc062723c751e8b465ee728b)  -> (artifact id: '3f477c1cc4fe6111a4dee8d371f7e801') in 0.001981 seconds
Number of updated asset objects reloaded before import = 0
Number of asset objects unloaded after import = 6
========================================================================
Received Import Request.
  Time since last request: 145.218482 seconds.
  path: Assets/flame1.png
  artifactKey: Guid(c3132eddfef820341af61b2b9682f1ff) Importer(815301076,1909f56bfc062723c751e8b465ee728b)
Start importing Assets/flame1.png using Guid(c3132eddfef820341af61b2b9682f1ff) Importer(815301076,1909f56bfc062723c751e8b465ee728b)  -> (artifact id: 'd2516236299eca2d57f8ed2119c1f262') in 0.001257 seconds
Number of updated asset objects reloaded before import = 0
Number of asset objects unloaded after import = 1
========================================================================
Received Import Request.
  Time since last request: 22.452816 seconds.
  path: Assets/Simple Modular Dungeon/Components/Texture Maps/ModularDungeonSeperatedMaterials_Floor Stones (Floor Rock Variation 001)_Albedo.png
  artifactKey: Guid(37158dd1f002b3e408f0eb7c502c0538) Importer(815301076,1909f56bfc062723c751e8b465ee728b)
Start importing Assets/Simple Modular Dungeon/Components/Texture Maps/ModularDungeonSeperatedMaterials_Floor Stones (Floor Rock Variation 001)_Albedo.png using Guid(37158dd1f002b3e408f0eb7c502c0538) Importer(815301076,1909f56bfc062723c751e8b465ee728b)  -> (artifact id: '2779c91db395eea08af8c70727ee1f73') in 0.001612 seconds
Number of updated asset objects reloaded before import = 0
Number of asset objects unloaded after import = 1
========================================================================
Received Import Request.
  Time since last request: 0.000262 seconds.
  path: Assets/Simple Modular Dungeon/Components/Texture Maps/ModularDungeonSeperatedMaterials_Floor Stones (Floor rock Variation 002)_Albedo.png
  artifactKey: Guid(56f9c6ec04346d540b8061f792dfa5a7) Importer(815301076,1909f56bfc062723c751e8b465ee728b)
Start importing Assets/Simple Modular Dungeon/Components/Texture Maps/ModularDungeonSeperatedMaterials_Floor Stones (Floor rock Variation 002)_Albedo.png using Guid(56f9c6ec04346d540b8061f792dfa5a7) Importer(815301076,1909f56bfc062723c751e8b465ee728b)  -> (artifact id: '9add6c69686564a0c9f6822ef522ec7a') in 0.002582 seconds
Number of updated asset objects reloaded before import = 0
Number of asset objects unloaded after import = 1
========================================================================
Received Import Request.
  Time since last request: 0.000103 seconds.
  path: Assets/Simple Modular Dungeon/Components/Texture Maps/ModularDungeonSeperatedMaterials_Floor Stones (Floor Rock Variation 001)_MaskMap.png
  artifactKey: Guid(31d0faed8f76daf4f8341993245691fc) Importer(815301076,1909f56bfc062723c751e8b465ee728b)
Start importing Assets/Simple Modular Dungeon/Components/Texture Maps/ModularDungeonSeperatedMaterials_Floor Stones (Floor Rock Variation 001)_MaskMap.png using Guid(31d0faed8f76daf4f8341993245691fc) Importer(815301076,1909f56bfc062723c751e8b465ee728b)  -> (artifact id: '0dae8096ee257264529c8f4555e30828') in 0.002268 seconds
Number of updated asset objects reloaded before import = 0
Number of asset objects unloaded after import = 1
========================================================================
Received Import Request.
  Time since last request: 0.000104 seconds.
  path: Assets/Simple Modular Dungeon/Components/Texture Maps/ModularDungeonSeperatedMaterials_Floor Stones (Floor Rock Variation 001)_Height.png
  artifactKey: Guid(580b084b249b84f45bbeaa6b59e74984) Importer(815301076,1909f56bfc062723c751e8b465ee728b)
Start importing Assets/Simple Modular Dungeon/Components/Texture Maps/ModularDungeonSeperatedMaterials_Floor Stones (Floor Rock Variation 001)_Height.png using Guid(580b084b249b84f45bbeaa6b59e74984) Importer(815301076,1909f56bfc062723c751e8b465ee728b)  -> (artifact id: '31d67b7b5d9400fe11b4cdb83d0d9279') in 0.001233 seconds
Number of updated asset objects reloaded before import = 0
Number of asset objects unloaded after import = 1
========================================================================
Received Import Request.
  Time since last request: 0.000108 seconds.
  path: Assets/Simple Modular Dungeon/Components/Texture Maps/ModularDungeonSeperatedMaterials_Floor Stones (Floor rock Variation 002)_AmbientOcclusion.png
  artifactKey: Guid(65aa21023df39dd4b8087249871a39dc) Importer(815301076,1909f56bfc062723c751e8b465ee728b)
Start importing Assets/Simple Modular Dungeon/Components/Texture Maps/ModularDungeonSeperatedMaterials_Floor Stones (Floor rock Variation 002)_AmbientOcclusion.png using Guid(65aa21023df39dd4b8087249871a39dc) Importer(815301076,1909f56bfc062723c751e8b465ee728b)  -> (artifact id: '2f48cb5f5ee251eef9034bed14ad3dc6') in 0.001986 seconds
Number of updated asset objects reloaded before import = 0
Number of asset objects unloaded after import = 1
========================================================================
Received Import Request.
  Time since last request: 32.622816 seconds.
  path: Assets/Fire.vfx
  artifactKey: Guid(760464d80a0ffa346b008b5bad9826f8) Importer(815301076,1909f56bfc062723c751e8b465ee728b)
Start importing Assets/Fire.vfx using Guid(760464d80a0ffa346b008b5bad9826f8) Importer(815301076,1909f56bfc062723c751e8b465ee728b)  -> (artifact id: '6cf9ebbc2e3d0894853b6d36cfa92074') in 0.002096 seconds
Number of updated asset objects reloaded before import = 0
Number of asset objects unloaded after import = 6
========================================================================
Received Import Request.
  Time since last request: 147.912543 seconds.
  path: Assets/Fire.vfx
  artifactKey: Guid(760464d80a0ffa346b008b5bad9826f8) Importer(815301076,1909f56bfc062723c751e8b465ee728b)
Start importing Assets/Fire.vfx using Guid(760464d80a0ffa346b008b5bad9826f8) Importer(815301076,1909f56bfc062723c751e8b465ee728b)  -> (artifact id: '788420caaaf0088ba7773aa2d4a7f863') in 0.002083 seconds
Number of updated asset objects reloaded before import = 0
Number of asset objects unloaded after import = 6
========================================================================
Received Import Request.
  Time since last request: 107.204493 seconds.
  path: Assets/New Shader Graph.shadergraph
  artifactKey: Guid(044de6fcc3ecc534cb0e6964bc9d0101) Importer(815301076,1909f56bfc062723c751e8b465ee728b)
Start importing Assets/New Shader Graph.shadergraph using Guid(044de6fcc3ecc534cb0e6964bc9d0101) Importer(815301076,1909f56bfc062723c751e8b465ee728b)  -> (artifact id: '6c7250c3c56da3405fdba608e3ecdc2e') in 0.001246 seconds
Number of updated asset objects reloaded before import = 0
Number of asset objects unloaded after import = 2
========================================================================
Received Import Request.
  Time since last request: 18.714312 seconds.
  path: Assets/New Shader Graph 1.shadergraph
  artifactKey: Guid(10b5a6fe29eb5c545b43a2082ad1c964) Importer(815301076,1909f56bfc062723c751e8b465ee728b)
Start importing Assets/New Shader Graph 1.shadergraph using Guid(10b5a6fe29eb5c545b43a2082ad1c964) Importer(815301076,1909f56bfc062723c751e8b465ee728b)  -> (artifact id: 'a442a0d23de58616056b57f73b6d116e') in 0.001127 seconds
Number of updated asset objects reloaded before import = 0
Number of asset objects unloaded after import = 2
========================================================================
Received Import Request.
  Time since last request: 21.533771 seconds.
  path: Assets/Fire_shader.shadergraph
  artifactKey: Guid(044de6fcc3ecc534cb0e6964bc9d0101) Importer(815301076,1909f56bfc062723c751e8b465ee728b)
Start importing Assets/Fire_shader.shadergraph using Guid(044de6fcc3ecc534cb0e6964bc9d0101) Importer(815301076,1909f56bfc062723c751e8b465ee728b)  -> (artifact id: 'fd59e3fa237bcc1da61c65ecd6ad1b7d') in 0.001103 seconds
Number of updated asset objects reloaded before import = 0
Number of asset objects unloaded after import = 2
========================================================================
Received Import Request.
  Time since last request: 1048.699816 seconds.
  path: Assets/Fire_shader.shadergraph
  artifactKey: Guid(044de6fcc3ecc534cb0e6964bc9d0101) Importer(815301076,1909f56bfc062723c751e8b465ee728b)
Start importing Assets/Fire_shader.shadergraph using Guid(044de6fcc3ecc534cb0e6964bc9d0101) Importer(815301076,1909f56bfc062723c751e8b465ee728b)  -> (artifact id: '65c65fef9016810489048a551622053a') in 0.004090 seconds
Number of updated asset objects reloaded before import = 0
Number of asset objects unloaded after import = 3
========================================================================
Received Import Request.
  Time since last request: 223.935832 seconds.
  path: Assets/Fire.vfx
  artifactKey: Guid(760464d80a0ffa346b008b5bad9826f8) Importer(815301076,1909f56bfc062723c751e8b465ee728b)
Start importing Assets/Fire.vfx using Guid(760464d80a0ffa346b008b5bad9826f8) Importer(815301076,1909f56bfc062723c751e8b465ee728b)  -> (artifact id: 'db33eb0a1e97f12b2476c09967f817ce') in 0.002454 seconds
Number of updated asset objects reloaded before import = 0
Number of asset objects unloaded after import = 6
========================================================================
Received Import Request.
  Time since last request: 9.519316 seconds.
  path: Assets/Fire.vfx
  artifactKey: Guid(760464d80a0ffa346b008b5bad9826f8) Importer(815301076,1909f56bfc062723c751e8b465ee728b)
Start importing Assets/Fire.vfx using Guid(760464d80a0ffa346b008b5bad9826f8) Importer(815301076,1909f56bfc062723c751e8b465ee728b)  -> (artifact id: '7e924426f8a38f74922278e43e548968') in 0.002340 seconds
Number of updated asset objects reloaded before import = 0
Number of asset objects unloaded after import = 5
========================================================================
Received Import Request.
  Time since last request: 23.893072 seconds.
  path: Assets/Fire.vfx
  artifactKey: Guid(760464d80a0ffa346b008b5bad9826f8) Importer(815301076,1909f56bfc062723c751e8b465ee728b)
Start importing Assets/Fire.vfx using Guid(760464d80a0ffa346b008b5bad9826f8) Importer(815301076,1909f56bfc062723c751e8b465ee728b)  -> (artifact id: '81be41b027dc709ad18754ae554610dd') in 0.002302 seconds
Number of updated asset objects reloaded before import = 0
Number of asset objects unloaded after import = 5
========================================================================
Received Import Request.
  Time since last request: 141.739057 seconds.
  path: Assets/Fire_shader.shadergraph
  artifactKey: Guid(044de6fcc3ecc534cb0e6964bc9d0101) Importer(815301076,1909f56bfc062723c751e8b465ee728b)
Start importing Assets/Fire_shader.shadergraph using Guid(044de6fcc3ecc534cb0e6964bc9d0101) Importer(815301076,1909f56bfc062723c751e8b465ee728b)  -> (artifact id: '725d9da110e65e277186d8939f9880da') in 0.002062 seconds
Number of updated asset objects reloaded before import = 0
Number of asset objects unloaded after import = 3
========================================================================
Received Import Request.
  Time since last request: 2.303854 seconds.
  path: Assets/Fire.vfx
  artifactKey: Guid(760464d80a0ffa346b008b5bad9826f8) Importer(815301076,1909f56bfc062723c751e8b465ee728b)
Start importing Assets/Fire.vfx using Guid(760464d80a0ffa346b008b5bad9826f8) Importer(815301076,1909f56bfc062723c751e8b465ee728b)  -> (artifact id: 'c24ab3df8406c47e2cfd36c825845a6f') in 0.002311 seconds
Number of updated asset objects reloaded before import = 0
Number of asset objects unloaded after import = 5
